<?xml version='1.0' encoding='UTF-8'?>
<testsuites name='SwiftExampleTests.xctest' tests='3' failures='0'>
  <testsuite name='SwiftExampleTests.HelloTests' tests='1' failures='0'>
    <testcase classname='SwiftExampleTests.HelloTests' name='testHello' time='0.001'/>
  </testsuite>
  <testsuite name='SwiftExampleTests.SwiftExampleTests' tests='2' failures='0'>
    <testcase classname='SwiftExampleTests.SwiftExampleTests' name='testExample' time='0.001'/>
    <testcase classname='SwiftExampleTests.SwiftExampleTests' name='testPerformanceExample' time='0.333'/>
  </testsuite>
</testsuites>